<?xml version="1.0" encoding="UTF-8"?>
<!-- Generated by org.testng.reporters.JUnitReportReporter -->
<testsuite hostname="DESKTOP-9RR6T9G" failures="0" tests="1" name="BrokenlinksEngine.LecAr" time="160.464" errors="0" timestamp="2024-11-21T11:07:54 IST" skipped="0">
  <testcase classname="BrokenlinksEngine.LecAr" name="getLinks" time="160.464"/>
  <system-out/>
</testsuite> <!-- BrokenlinksEngine.LecAr -->
