<?xml version="1.0" encoding="UTF-8"?>
<!-- Generated by org.testng.reporters.JUnitReportReporter -->
<testsuite hostname="DESKTOP-9RR6T9G" failures="0" tests="1" name="BrokenlinksEngine.alungalBrokenlinksTests" time="28.686" errors="0" timestamp="2024-11-21T10:07:34 IST" skipped="0">
  <testcase classname="BrokenlinksEngine.alungalBrokenlinksTests" name="getLinks" time="28.686"/>
  <system-out/>
</testsuite> <!-- BrokenlinksEngine.alungalBrokenlinksTests -->
