<?xml version="1.0" encoding="UTF-8"?>
<!-- Generated by org.testng.reporters.JUnitReportReporter -->
<testsuite hostname="DESKTOP-9RR6T9G" failures="0" tests="1" name="BrokenlinksEngine.Kisanbharat" time="87.847" errors="0" timestamp="2024-11-21T16:48:16 IST" skipped="0">
  <testcase classname="BrokenlinksEngine.Kisanbharat" name="getLinks" time="87.847"/>
  <system-out/>
</testsuite> <!-- BrokenlinksEngine.Kisanbharat -->
